[14:33:45] [main/INFO]: Setting user: ForgeDevName
[14:33:46] [Client thread/INFO]: LWJGL Version: 2.9.1
[14:33:58] [Client thread/INFO]: Reloading ResourceManager: Default, FMLFileResourcePack:Forge Mod Loader, FMLFileResourcePack:Minecraft Forge
[14:33:59] [Sound Library Loader/INFO]: Sound engine started
[14:34:00] [Client thread/INFO]: Created: 512x256 textures/blocks-atlas
[14:34:00] [Client thread/INFO]: Created: 256x256 textures/items-atlas
[14:34:01] [Client thread/INFO]: Reloading ResourceManager: Default, FMLFileResourcePack:Forge Mod Loader, FMLFileResourcePack:Minecraft Forge
[14:34:01] [Client thread/INFO]: Created: 256x256 textures/items-atlas
[14:34:01] [Client thread/INFO]: Created: 512x256 textures/blocks-atlas
[14:34:02] [Sound Library Loader/INFO]: Sound engine started
[14:34:24] [Server thread/INFO]: Starting integrated minecraft server version 1.7.10
[14:34:24] [Server thread/INFO]: Generating keypair
[14:34:24] [Server thread/INFO]: Converting map!
[14:34:24] [Server thread/INFO]: Scanning folders...
[14:34:24] [Server thread/INFO]: Total conversion count is 0
[14:34:26] [Server thread/INFO]: Preparing start region for level 0
[14:34:26] [Server thread/INFO]: Changing view distance to 12, from 10
[14:34:27] [Server thread/INFO]: ForgeDevName[local:E:24266d6b] logged in with entity id 0 at (432.5, 4.0, -60.5)
[14:34:27] [Server thread/INFO]: ForgeDevName joined the game
[14:34:31] [Server thread/INFO]: Saving and pausing game...
[14:34:31] [Server thread/INFO]: Saving chunks for level 'New World'/Overworld
[14:34:31] [Server thread/INFO]: Saving chunks for level 'New World'/Nether
[14:34:31] [Server thread/INFO]: Saving chunks for level 'New World'/The End
[14:34:39] [Server thread/INFO]: Saving and pausing game...
[14:34:39] [Server thread/INFO]: Saving chunks for level 'New World'/Overworld
[14:34:39] [Server thread/INFO]: Saving chunks for level 'New World'/Nether
[14:34:39] [Server thread/INFO]: Saving chunks for level 'New World'/The End
[14:34:39] [Server thread/INFO]: Stopping server
[14:34:39] [Server thread/INFO]: Saving players
[14:34:39] [Server thread/INFO]: Saving worlds
[14:34:39] [Server thread/INFO]: Saving chunks for level 'New World'/Overworld
[14:34:39] [Server thread/INFO]: Saving chunks for level 'New World'/Nether
[14:34:39] [Server thread/INFO]: Saving chunks for level 'New World'/The End
[14:34:46] [Client thread/INFO]: Stopping!
